<?xml version="1.0" encoding="UTF-8"?>
<!-- Generated by org.testng.reporters.JUnitReportReporter -->
<testsuite hostname="Chinna" name="com.hrm.qa.TestCases.HomePageTest" tests="3" failures="0" timestamp="19 Nov 2019 05:47:33 GMT" time="71.079" errors="0">
  <testcase name="verifyHomepageTitleTest" time="35.381" classname="com.hrm.qa.TestCases.HomePageTest"/>
  <testcase name="verifyPimLinkTest" time="17.477" classname="com.hrm.qa.TestCases.HomePageTest"/>
  <testcase name="verifyLeaveLinkTest" time="18.221" classname="com.hrm.qa.TestCases.HomePageTest"/>
</testsuite> <!-- com.hrm.qa.TestCases.HomePageTest -->
