<?xml version="1.0" encoding="UTF-8"?>
<!-- Generated by org.testng.reporters.JUnitReportReporter -->
<testsuite hostname="Chinna" name="com.hrm.qa.TestCases.LoginPageTest" tests="1" failures="0" timestamp="17 Nov 2019 06:37:13 GMT" time="20.593" errors="0">
  <testcase name="loginTest" time="20.593" classname="com.hrm.qa.TestCases.LoginPageTest"/>
</testsuite> <!-- com.hrm.qa.TestCases.LoginPageTest -->
